{"C:\\Users\\Administrator\\Desktop\\前端汇总\\51.test\\src\\Tab.js": {"path":"C:\\Users\\Administrator\\Desktop\\前端汇总\\51.test\\src\\Tab.js","statementMap":{"0":{"start":{"line":3,"column":32},"end":{"line":3,"column":39}},"1":{"start":{"line":4,"column":14},"end":{"line":4,"column":52}},"2":{"start":{"line":5,"column":18},"end":{"line":5,"column":79}},"3":{"start":{"line":6,"column":17},"end":{"line":6,"column":76}},"4":{"start":{"line":7,"column":4},"end":{"line":7,"column":19}},"5":{"start":{"line":8,"column":4},"end":{"line":8,"column":21}},"6":{"start":{"line":11,"column":4},"end":{"line":19,"column":6}},"7":{"start":{"line":12,"column":6},"end":{"line":18,"column":7}},"8":{"start":{"line":13,"column":8},"end":{"line":13,"column":41}},"9":{"start":{"line":14,"column":8},"end":{"line":14,"column":48}},"10":{"start":{"line":16,"column":8},"end":{"line":16,"column":34}},"11":{"start":{"line":17,"column":8},"end":{"line":17,"column":47}},"12":{"start":{"line":22,"column":4},"end":{"line":26,"column":5}},"13":{"start":{"line":22,"column":17},"end":{"line":22,"column":18}},"14":{"start":{"line":23,"column":6},"end":{"line":25,"column":8}},"15":{"start":{"line":24,"column":8},"end":{"line":24,"column":23}},"16":{"start":{"line":31,"column":0},"end":{"line":31,"column":21}}},"fnMap":{"0":{"name":"(anonymous_0)","decl":{"start":{"line":2,"column":2},"end":{"line":2,"column":3}},"loc":{"start":{"line":2,"column":23},"end":{"line":9,"column":3}},"line":2},"1":{"name":"(anonymous_1)","decl":{"start":{"line":10,"column":2},"end":{"line":10,"column":3}},"loc":{"start":{"line":10,"column":19},"end":{"line":20,"column":3}},"line":10},"2":{"name":"(anonymous_2)","decl":{"start":{"line":11,"column":25},"end":{"line":11,"column":26}},"loc":{"start":{"line":11,"column":42},"end":{"line":19,"column":5}},"line":11},"3":{"name":"(anonymous_3)","decl":{"start":{"line":21,"column":2},"end":{"line":21,"column":3}},"loc":{"start":{"line":21,"column":15},"end":{"line":27,"column":3}},"line":21},"4":{"name":"(anonymous_4)","decl":{"start":{"line":23,"column":48},"end":{"line":23,"column":49}},"loc":{"start":{"line":23,"column":54},"end":{"line":25,"column":7}},"line":23}},"branchMap":{"0":{"loc":{"start":{"line":12,"column":6},"end":{"line":18,"column":7}},"type":"if","locations":[{"start":{"line":12,"column":6},"end":{"line":18,"column":7}},{"start":{"line":12,"column":6},"end":{"line":18,"column":7}}],"line":12}},"s":{"0":1,"1":1,"2":1,"3":1,"4":1,"5":1,"6":2,"7":4,"8":2,"9":2,"10":2,"11":2,"12":1,"13":1,"14":2,"15":1,"16":1},"f":{"0":1,"1":2,"2":4,"3":1,"4":1},"b":{"0":[2,2]},"_coverageSchema":"1a1c01bbd47fc00a2c39e90264f33305004495a9","hash":"797911042806ed3d70232e5b8320f76d578229ca"}
,"C:\\Users\\Administrator\\Desktop\\前端汇总\\51.test\\src\\dom.js": {"path":"C:\\Users\\Administrator\\Desktop\\前端汇总\\51.test\\src\\dom.js","statementMap":{"0":{"start":{"line":2,"column":2},"end":{"line":2,"column":36}},"1":{"start":{"line":6,"column":2},"end":{"line":6,"column":40}},"2":{"start":{"line":9,"column":0},"end":{"line":9,"column":24}},"3":{"start":{"line":10,"column":0},"end":{"line":10,"column":16}}},"fnMap":{"0":{"name":"remove","decl":{"start":{"line":1,"column":9},"end":{"line":1,"column":15}},"loc":{"start":{"line":1,"column":23},"end":{"line":3,"column":1}},"line":1},"1":{"name":"on","decl":{"start":{"line":5,"column":9},"end":{"line":5,"column":11}},"loc":{"start":{"line":5,"column":35},"end":{"line":7,"column":1}},"line":5}},"branchMap":{},"s":{"0":1,"1":1,"2":1,"3":1},"f":{"0":1,"1":1},"b":{},"_coverageSchema":"1a1c01bbd47fc00a2c39e90264f33305004495a9","hash":"b18e8a3d526d59d963933eebcc17b2e01d86aad9"}
,"C:\\Users\\Administrator\\Desktop\\前端汇总\\51.test\\src\\getUsers.js": {"path":"C:\\Users\\Administrator\\Desktop\\前端汇总\\51.test\\src\\getUsers.js","statementMap":{"0":{"start":{"line":2,"column":11},"end":{"line":2,"column":28}},"1":{"start":{"line":4,"column":6},"end":{"line":11,"column":6}},"2":{"start":{"line":5,"column":6},"end":{"line":10,"column":7}},"3":{"start":{"line":6,"column":20},"end":{"line":6,"column":29}},"4":{"start":{"line":7,"column":19},"end":{"line":7,"column":70}},"5":{"start":{"line":7,"column":37},"end":{"line":7,"column":60}},"6":{"start":{"line":8,"column":8},"end":{"line":8,"column":53}},"7":{"start":{"line":9,"column":8},"end":{"line":9,"column":19}},"8":{"start":{"line":13,"column":0},"end":{"line":13,"column":26}}},"fnMap":{"0":{"name":"getUsers","decl":{"start":{"line":3,"column":9},"end":{"line":3,"column":17}},"loc":{"start":{"line":3,"column":36},"end":{"line":12,"column":1}},"line":3},"1":{"name":"(anonymous_1)","decl":{"start":{"line":4,"column":16},"end":{"line":4,"column":17}},"loc":{"start":{"line":4,"column":25},"end":{"line":11,"column":5}},"line":4},"2":{"name":"(anonymous_2)","decl":{"start":{"line":7,"column":29},"end":{"line":7,"column":30}},"loc":{"start":{"line":7,"column":37},"end":{"line":7,"column":60}},"line":7}},"branchMap":{"0":{"loc":{"start":{"line":5,"column":6},"end":{"line":10,"column":7}},"type":"if","locations":[{"start":{"line":5,"column":6},"end":{"line":10,"column":7}},{"start":{"line":5,"column":6},"end":{"line":10,"column":7}}],"line":5}},"s":{"0":1,"1":1,"2":1,"3":1,"4":1,"5":4,"6":1,"7":1,"8":1},"f":{"0":1,"1":1,"2":4},"b":{"0":[1,0]},"_coverageSchema":"1a1c01bbd47fc00a2c39e90264f33305004495a9","hash":"ccc0cbb606448fc059a8f8d82f79dc8af9ba159a"}
,"C:\\Users\\Administrator\\Desktop\\前端汇总\\51.test\\src\\qs.js": {"path":"C:\\Users\\Administrator\\Desktop\\前端汇总\\51.test\\src\\qs.js","statementMap":{"0":{"start":{"line":2,"column":14},"end":{"line":2,"column":28}},"1":{"start":{"line":3,"column":14},"end":{"line":3,"column":16}},"2":{"start":{"line":4,"column":4},"end":{"line":7,"column":6}},"3":{"start":{"line":5,"column":26},"end":{"line":5,"column":41}},"4":{"start":{"line":6,"column":8},"end":{"line":6,"column":25}},"5":{"start":{"line":8,"column":4},"end":{"line":8,"column":15}},"6":{"start":{"line":11,"column":14},"end":{"line":11,"column":16}},"7":{"start":{"line":12,"column":4},"end":{"line":15,"column":5}},"8":{"start":{"line":13,"column":8},"end":{"line":13,"column":44}},"9":{"start":{"line":13,"column":37},"end":{"line":13,"column":44}},"10":{"start":{"line":14,"column":8},"end":{"line":14,"column":35}},"11":{"start":{"line":16,"column":4},"end":{"line":16,"column":25}},"12":{"start":{"line":18,"column":0},"end":{"line":18,"column":22}},"13":{"start":{"line":19,"column":0},"end":{"line":19,"column":30}}},"fnMap":{"0":{"name":"parse","decl":{"start":{"line":1,"column":9},"end":{"line":1,"column":14}},"loc":{"start":{"line":1,"column":20},"end":{"line":9,"column":1}},"line":1},"1":{"name":"(anonymous_1)","decl":{"start":{"line":4,"column":16},"end":{"line":4,"column":17}},"loc":{"start":{"line":4,"column":24},"end":{"line":7,"column":5}},"line":4},"2":{"name":"stringify","decl":{"start":{"line":10,"column":9},"end":{"line":10,"column":18}},"loc":{"start":{"line":10,"column":24},"end":{"line":17,"column":1}},"line":10}},"branchMap":{"0":{"loc":{"start":{"line":13,"column":8},"end":{"line":13,"column":44}},"type":"if","locations":[{"start":{"line":13,"column":8},"end":{"line":13,"column":44}},{"start":{"line":13,"column":8},"end":{"line":13,"column":44}}],"line":13}},"s":{"0":2,"1":2,"2":2,"3":3,"4":3,"5":2,"6":2,"7":2,"8":3,"9":0,"10":3,"11":2,"12":1,"13":1},"f":{"0":2,"1":3,"2":2},"b":{"0":[0,3]},"_coverageSchema":"1a1c01bbd47fc00a2c39e90264f33305004495a9","hash":"86be7f6cde2237ffe77909ea50b7ef32ef23b8b8"}
}
