TN:
SF:src\Tab.js
FN:2,(anonymous_0)
FN:10,(anonymous_1)
FN:11,(anonymous_2)
FN:21,(anonymous_3)
FN:23,(anonymous_4)
FNF:5
FNH:5
FNDA:1,(anonymous_0)
FNDA:2,(anonymous_1)
FNDA:4,(anonymous_2)
FNDA:1,(anonymous_3)
FNDA:1,(anonymous_4)
DA:3,1
DA:4,1
DA:5,1
DA:6,1
DA:7,1
DA:8,1
DA:11,2
DA:12,4
DA:13,2
DA:14,2
DA:16,2
DA:17,2
DA:22,1
DA:23,2
DA:24,1
DA:31,1
LF:16
LH:16
BRDA:12,0,0,2
BRDA:12,0,1,2
BRF:2
BRH:2
end_of_record
TN:
SF:src\dom.js
FN:1,remove
FN:5,on
FNF:2
FNH:2
FNDA:1,remove
FNDA:1,on
DA:2,1
DA:6,1
DA:9,1
DA:10,1
LF:4
LH:4
BRF:0
BRH:0
end_of_record
TN:
SF:src\getUsers.js
FN:3,getUsers
FN:4,(anonymous_1)
FN:7,(anonymous_2)
FNF:3
FNH:3
FNDA:1,getUsers
FNDA:1,(anonymous_1)
FNDA:4,(anonymous_2)
DA:2,1
DA:4,1
DA:5,1
DA:6,1
DA:7,4
DA:8,1
DA:9,1
DA:13,1
LF:8
LH:8
BRDA:5,0,0,1
BRDA:5,0,1,0
BRF:2
BRH:1
end_of_record
TN:
SF:src\qs.js
FN:1,parse
FN:4,(anonymous_1)
FN:10,stringify
FNF:3
FNH:3
FNDA:2,parse
FNDA:3,(anonymous_1)
FNDA:2,stringify
DA:2,2
DA:3,2
DA:4,2
DA:5,3
DA:6,3
DA:8,2
DA:11,2
DA:12,2
DA:13,3
DA:14,3
DA:16,2
DA:18,1
DA:19,1
LF:13
LH:13
BRDA:13,0,0,0
BRDA:13,0,1,3
BRF:2
BRH:1
end_of_record
